{"C:\\Users\\54116\\Desktop\\Proyectos\\nodejs_lambda_stack\\src\\functions\\alphaLambda.js": {"path":"C:\\Users\\54116\\Desktop\\Proyectos\\nodejs_lambda_stack\\src\\functions\\alphaLambda.js","statementMap":{"0":{"start":{"line":3,"column":4},"end":{"line":3,"column":38}},"1":{"start":{"line":5,"column":20},"end":{"line":9,"column":1}},"2":{"start":{"line":7,"column":4},"end":{"line":7,"column":29}},"3":{"start":{"line":11,"column":0},"end":{"line":11,"column":30}}},"fnMap":{"0":{"name":"(anonymous_0)","decl":{"start":{"line":5,"column":20},"end":{"line":5,"column":21}},"loc":{"start":{"line":5,"column":26},"end":{"line":9,"column":1}},"line":5}},"branchMap":{},"s":{"0":1,"1":1,"2":1,"3":1},"f":{"0":1},"b":{},"_coverageSchema":"1a1c01bbd47fc00a2c39e90264f33305004495a9","hash":"7aeffeeb4ecf1c6fb4b61f06d61e55de31686fc3"}
,"C:\\Users\\54116\\Desktop\\Proyectos\\nodejs_lambda_stack\\src\\functions\\betaLambda.js": {"path":"C:\\Users\\54116\\Desktop\\Proyectos\\nodejs_lambda_stack\\src\\functions\\betaLambda.js","statementMap":{"0":{"start":{"line":3,"column":4},"end":{"line":3,"column":37}},"1":{"start":{"line":5,"column":19},"end":{"line":9,"column":1}},"2":{"start":{"line":7,"column":4},"end":{"line":7,"column":28}},"3":{"start":{"line":11,"column":0},"end":{"line":11,"column":29}}},"fnMap":{"0":{"name":"(anonymous_0)","decl":{"start":{"line":5,"column":19},"end":{"line":5,"column":20}},"loc":{"start":{"line":5,"column":25},"end":{"line":9,"column":1}},"line":5}},"branchMap":{},"s":{"0":1,"1":1,"2":1,"3":1},"f":{"0":1},"b":{},"_coverageSchema":"1a1c01bbd47fc00a2c39e90264f33305004495a9","hash":"1d56d0d86b58c5a7e0b13cf6ea0590e7b9acada9"}
,"C:\\Users\\54116\\Desktop\\Proyectos\\nodejs_lambda_stack\\src\\lib\\mail.js": {"path":"C:\\Users\\54116\\Desktop\\Proyectos\\nodejs_lambda_stack\\src\\lib\\mail.js","statementMap":{"0":{"start":{"line":1,"column":13},"end":{"line":5,"column":1}},"1":{"start":{"line":3,"column":2},"end":{"line":3,"column":55}},"2":{"start":{"line":7,"column":0},"end":{"line":9,"column":2}}},"fnMap":{"0":{"name":"(anonymous_0)","decl":{"start":{"line":1,"column":13},"end":{"line":1,"column":14}},"loc":{"start":{"line":1,"column":42},"end":{"line":5,"column":1}},"line":1}},"branchMap":{},"s":{"0":1,"1":1,"2":1},"f":{"0":1},"b":{},"_coverageSchema":"1a1c01bbd47fc00a2c39e90264f33305004495a9","hash":"43e0523fa63c87debe3fddf5694b2a8c5859c5f9"}
,"C:\\Users\\54116\\Desktop\\Proyectos\\nodejs_lambda_stack\\src\\service\\alphaService.js": {"path":"C:\\Users\\54116\\Desktop\\Proyectos\\nodejs_lambda_stack\\src\\service\\alphaService.js","statementMap":{"0":{"start":{"line":1,"column":21},"end":{"line":3,"column":1}},"1":{"start":{"line":2,"column":4},"end":{"line":2,"column":31}},"2":{"start":{"line":5,"column":0},"end":{"line":7,"column":2}}},"fnMap":{"0":{"name":"(anonymous_0)","decl":{"start":{"line":1,"column":21},"end":{"line":1,"column":22}},"loc":{"start":{"line":1,"column":41},"end":{"line":3,"column":1}},"line":1}},"branchMap":{},"s":{"0":2,"1":1,"2":2},"f":{"0":1},"b":{},"_coverageSchema":"1a1c01bbd47fc00a2c39e90264f33305004495a9","hash":"22f543fc76906776c755ae08b10d1d99dda09a2a"}
,"C:\\Users\\54116\\Desktop\\Proyectos\\nodejs_lambda_stack\\src\\service\\betaService.js": {"path":"C:\\Users\\54116\\Desktop\\Proyectos\\nodejs_lambda_stack\\src\\service\\betaService.js","statementMap":{"0":{"start":{"line":1,"column":20},"end":{"line":3,"column":1}},"1":{"start":{"line":2,"column":4},"end":{"line":2,"column":21}},"2":{"start":{"line":5,"column":0},"end":{"line":7,"column":2}}},"fnMap":{"0":{"name":"(anonymous_0)","decl":{"start":{"line":1,"column":20},"end":{"line":1,"column":21}},"loc":{"start":{"line":1,"column":29},"end":{"line":3,"column":1}},"line":1}},"branchMap":{},"s":{"0":2,"1":1,"2":2},"f":{"0":1},"b":{},"_coverageSchema":"1a1c01bbd47fc00a2c39e90264f33305004495a9","hash":"8a496cd296fd92407d81dab3e3698d1a4310479d"}
}
